Arguments: 
  C:\Program Files\nodejs\node.exe C:\Program Files\nodejs\node_modules\yarn\bin\yarn.js add --dev expo-yarn-workspaces

PATH: 
  C:\Program Files\Git\mingw64\bin;C:\Program Files\Git\usr\bin;C:\Users\glyn_\bin;C:\Python27;C:\Python27\Scripts;C:\Program Files (x86)\NVIDIA Corporation\PhysX\Common;C:\ProgramData\DockerDesktop\version-bin;C:\Program Files\Docker\Docker\Resources\bin;C:\Program Files\PostgreSQL\11\bin\bin;C:\Program Files\Microsoft VS Code\bin;C:\ProgramData\chocolatey\bin;C:\Program Files\Java\jdk1.8.0_211\bin;C:\Windows\System32;C:\Users\glyn_\AppData\Local\Programs\Python\Python37-32\Scripts;C:\Users\glyn_\AppData\Local\Programs\Python\Python37-32;C:\Users\glyn_\AppData\Local\Microsoft\WindowsApps;C:\Program Files\Microsoft VS Code\bin;C:\Program Files\heroku\bin;C:\Users\glyn_\AppData\Roaming\npm;C:\Users\glyn_\AppData\Roaming\nvm;C:\Program Files\nodejs;C:\Program Files\Intel\WiFi\bin;C:\Program Files\Common Files\Intel\WirelessCommon

Yarn version: 
  1.10.1

Node version: 
  10.9.0

Platform: 
  win32 x64

Trace: 
  TypeError: Cannot read property 'manifest' of undefined
      at _loop (C:\Users\glyn_\AppData\Roaming\nvm\v10.9.0\node_modules\yarn\lib\cli.js:23148:102)
      at _loop.next (<anonymous>)
      at Add.<anonymous> (C:\Users\glyn_\AppData\Roaming\nvm\v10.9.0\node_modules\yarn\lib\cli.js:23170:27)
      at Generator.next (<anonymous>)
      at step (C:\Users\glyn_\AppData\Roaming\nvm\v10.9.0\node_modules\yarn\lib\cli.js:98:30)
      at C:\Users\glyn_\AppData\Roaming\nvm\v10.9.0\node_modules\yarn\lib\cli.js:109:13

npm manifest: 
  {
    "main": "node_modules/expo/AppEntry.js",
    "scripts": {
      "start": "expo start",
      "android": "expo start --android",
      "ios": "expo start --ios",
      "web": "expo start --web",
      "eject": "expo eject"
    },
    "dependencies": {
      "expo": "^33.0.0",
      "react": "16.8.3",
      "react-dom": "^16.8.6",
      "react-native": "https://github.com/expo/react-native/archive/sdk-33.0.0.tar.gz",
      "react-native-web": "^0.11.4"
    },
    "devDependencies": {
      "babel-preset-expo": "^5.1.1"
    },
    "private": true
  }

yarn manifest: 
  No manifest

Lockfile: 
  No lockfile
